{"uuid":"79a017e7-7e9b-47fb-9164-60ca79906d77","historyId":"dceee617e151d91b3bb5a00010fd9fa","fullName":"Cart: Verify purchasing product","labels":[{"name":"tag","value":"Test"},{"name":"host","value":"LAPTOP-RHO1G8Q8"},{"name":"thread","value":"42656@LAPTOP-RHO1G8Q8.TestNG-PoolService-2(19)"},{"name":"feature","value":"Cart"},{"name":"story","value":"Verify purchasing product"},{"name":"suite","value":"Cart"},{"name":"testClass","value":"Verify purchasing product"},{"name":"framework","value":"cucumber4jvm"},{"name":"language","value":"java"},{"name":"gherkin_uri","value":"file:///C:/Users/AhmedAshour/Documents/DemoBlaze/src/test/java/features/Cart.feature"},{"name":"package","value":"src.test.java.features.Cart_feature.Cart"}],"links":[],"name":"Verify purchasing product","status":"broken","statusDetails":{"known":false,"muted":false,"flaky":false,"message":"unknown error: unhandled inspector error: {\"code\":-32000,\"message\":\"Not attached to an active page\"}\n  (Session info: chrome=109.0.5414.120)\nBuild info: version: '4.5.0', revision: 'fe167b119a'\nSystem info: os.name: 'Windows 11', os.arch: 'amd64', os.version: '10.0', java.version: '17.0.2'\nDriver info: org.openqa.selenium.chrome.ChromeDriver\nCommand: [4716f2a2eb658377e68cfd135603a20c, findElement {using=xpath, value=//div[@class=\"table-responsive\"]}]\nCapabilities {acceptInsecureCerts: false, browserName: chrome, browserVersion: 109.0.5414.120, chrome: {chromedriverVersion: 109.0.5414.74 (e7c5703604da..., userDataDir: C:\\Users\\AHMEDA~1\\AppData\\L...}, goog:chromeOptions: {debuggerAddress: localhost:54235}, networkConnectionEnabled: false, pageLoadStrategy: normal, platformName: WINDOWS, proxy: Proxy(), se:cdp: ws://localhost:54235/devtoo..., se:cdpVersion: 109.0.5414.120, setWindowRect: true, strictFileInteractability: false, timeouts: {implicit: 0, pageLoad: 300000, script: 30000}, unhandledPromptBehavior: dismiss and notify, webauthn:extension:credBlob: true, webauthn:extension:largeBlob: true, webauthn:virtualAuthenticators: true}\nSession ID: 4716f2a2eb658377e68cfd135603a20c","trace":"org.openqa.selenium.WebDriverException: unknown error: unhandled inspector error: {\"code\":-32000,\"message\":\"Not attached to an active page\"}\n  (Session info: chrome=109.0.5414.120)\nBuild info: version: '4.5.0', revision: 'fe167b119a'\nSystem info: os.name: 'Windows 11', os.arch: 'amd64', os.version: '10.0', java.version: '17.0.2'\nDriver info: org.openqa.selenium.chrome.ChromeDriver\nCommand: [4716f2a2eb658377e68cfd135603a20c, findElement {using=xpath, value=//div[@class=\"table-responsive\"]}]\nCapabilities {acceptInsecureCerts: false, browserName: chrome, browserVersion: 109.0.5414.120, chrome: {chromedriverVersion: 109.0.5414.74 (e7c5703604da..., userDataDir: C:\\Users\\AHMEDA~1\\AppData\\L...}, goog:chromeOptions: {debuggerAddress: localhost:54235}, networkConnectionEnabled: false, pageLoadStrategy: normal, platformName: WINDOWS, proxy: Proxy(), se:cdp: ws://localhost:54235/devtoo..., se:cdpVersion: 109.0.5414.120, setWindowRect: true, strictFileInteractability: false, timeouts: {implicit: 0, pageLoad: 300000, script: 30000}, unhandledPromptBehavior: dismiss and notify, webauthn:extension:credBlob: true, webauthn:extension:largeBlob: true, webauthn:virtualAuthenticators: true}\nSession ID: 4716f2a2eb658377e68cfd135603a20c\r\n\tat java.base/jdk.internal.reflect.NativeConstructorAccessorImpl.newInstance0(Native Method)\r\n\tat java.base/jdk.internal.reflect.NativeConstructorAccessorImpl.newInstance(NativeConstructorAccessorImpl.java:77)\r\n\tat java.base/jdk.internal.reflect.DelegatingConstructorAccessorImpl.newInstance(DelegatingConstructorAccessorImpl.java:45)\r\n\tat java.base/java.lang.reflect.Constructor.newInstanceWithCaller(Constructor.java:499)\r\n\tat java.base/java.lang.reflect.Constructor.newInstance(Constructor.java:480)\r\n\tat org.openqa.selenium.remote.codec.w3c.W3CHttpResponseCodec.createException(W3CHttpResponseCodec.java:200)\r\n\tat org.openqa.selenium.remote.codec.w3c.W3CHttpResponseCodec.decode(W3CHttpResponseCodec.java:133)\r\n\tat org.openqa.selenium.remote.codec.w3c.W3CHttpResponseCodec.decode(W3CHttpResponseCodec.java:53)\r\n\tat org.openqa.selenium.remote.HttpCommandExecutor.execute(HttpCommandExecutor.java:184)\r\n\tat org.openqa.selenium.remote.service.DriverCommandExecutor.invokeExecute(DriverCommandExecutor.java:167)\r\n\tat org.openqa.selenium.remote.service.DriverCommandExecutor.execute(DriverCommandExecutor.java:142)\r\n\tat org.openqa.selenium.remote.RemoteWebDriver.execute(RemoteWebDriver.java:547)\r\n\tat org.openqa.selenium.remote.ElementLocation$ElementFinder$2.findElement(ElementLocation.java:162)\r\n\tat org.openqa.selenium.remote.ElementLocation.findElement(ElementLocation.java:60)\r\n\tat org.openqa.selenium.remote.RemoteWebDriver.findElement(RemoteWebDriver.java:365)\r\n\tat org.openqa.selenium.remote.RemoteWebDriver.findElement(RemoteWebDriver.java:357)\r\n\tat org.openqa.selenium.support.ui.ExpectedConditions$7.apply(ExpectedConditions.java:197)\r\n\tat org.openqa.selenium.support.ui.ExpectedConditions$7.apply(ExpectedConditions.java:193)\r\n\tat org.openqa.selenium.support.ui.FluentWait.until(FluentWait.java:208)\r\n\tat base.PageObjectManager.waitUntilElementIsVisible(PageObjectManager.java:29)\r\n\tat base.PageObjectManager.isElementDisplayed(PageObjectManager.java:114)\r\n\tat stepDefinitions.PurchaseSteps.cartPageShouldBeLoaded(PurchaseSteps.java:42)\r\n\tat ✽.Cart page should be loaded(file:///C:/Users/AhmedAshour/Documents/DemoBlaze/src/test/java/features/Cart.feature:41)\r\n"},"stage":"finished","steps":[{"name":"Given  User opens chrome browser and navigates to the url","status":"passed","statusDetails":{"known":false,"muted":false,"flaky":false},"stage":"finished","steps":[],"attachments":[],"parameters":[],"start":1674928315463,"stop":1674928323523},{"name":"Then  Home page should be loaded","status":"passed","statusDetails":{"known":false,"muted":false,"flaky":false},"stage":"finished","steps":[],"attachments":[],"parameters":[],"start":1674928323530,"stop":1674928324230},{"name":"When  User scrolls down to Products section","status":"passed","statusDetails":{"known":false,"muted":false,"flaky":false},"stage":"finished","steps":[],"attachments":[],"parameters":[],"start":1674928324232,"stop":1674928325250},{"name":"And  Clicks on a product from the products list","status":"passed","statusDetails":{"known":false,"muted":false,"flaky":false},"stage":"finished","steps":[],"attachments":[],"parameters":[],"start":1674928325253,"stop":1674928327708},{"name":"Then  Product description page should be loaded","status":"passed","statusDetails":{"known":false,"muted":false,"flaky":false},"stage":"finished","steps":[],"attachments":[],"parameters":[],"start":1674928327709,"stop":1674928328798},{"name":"And  Add to cart button should be displayed","status":"passed","statusDetails":{"known":false,"muted":false,"flaky":false},"stage":"finished","steps":[],"attachments":[],"parameters":[],"start":1674928328799,"stop":1674928329144},{"name":"When  User clicks on Add to cart button","status":"passed","statusDetails":{"known":false,"muted":false,"flaky":false},"stage":"finished","steps":[],"attachments":[],"parameters":[],"start":1674928329145,"stop":1674928329271},{"name":"Then  Product added alert should be loaded","status":"passed","statusDetails":{"known":false,"muted":false,"flaky":false},"stage":"finished","steps":[],"attachments":[],"parameters":[],"start":1674928329271,"stop":1674928329283},{"name":"When  User clicks on Ok button from the alert","status":"passed","statusDetails":{"known":false,"muted":false,"flaky":false},"stage":"finished","steps":[],"attachments":[],"parameters":[],"start":1674928329283,"stop":1674928329289},{"name":"And  Clicks on Cart tab from the top nav bar","status":"passed","statusDetails":{"known":false,"muted":false,"flaky":false},"stage":"finished","steps":[],"attachments":[],"parameters":[],"start":1674928329291,"stop":1674928329695},{"name":"Then  Cart page should be loaded","status":"broken","statusDetails":{"known":false,"muted":false,"flaky":false,"message":"unknown error: unhandled inspector error: {\"code\":-32000,\"message\":\"Not attached to an active page\"}\n  (Session info: chrome=109.0.5414.120)\nBuild info: version: '4.5.0', revision: 'fe167b119a'\nSystem info: os.name: 'Windows 11', os.arch: 'amd64', os.version: '10.0', java.version: '17.0.2'\nDriver info: org.openqa.selenium.chrome.ChromeDriver\nCommand: [4716f2a2eb658377e68cfd135603a20c, findElement {using=xpath, value=//div[@class=\"table-responsive\"]}]\nCapabilities {acceptInsecureCerts: false, browserName: chrome, browserVersion: 109.0.5414.120, chrome: {chromedriverVersion: 109.0.5414.74 (e7c5703604da..., userDataDir: C:\\Users\\AHMEDA~1\\AppData\\L...}, goog:chromeOptions: {debuggerAddress: localhost:54235}, networkConnectionEnabled: false, pageLoadStrategy: normal, platformName: WINDOWS, proxy: Proxy(), se:cdp: ws://localhost:54235/devtoo..., se:cdpVersion: 109.0.5414.120, setWindowRect: true, strictFileInteractability: false, timeouts: {implicit: 0, pageLoad: 300000, script: 30000}, unhandledPromptBehavior: dismiss and notify, webauthn:extension:credBlob: true, webauthn:extension:largeBlob: true, webauthn:virtualAuthenticators: true}\nSession ID: 4716f2a2eb658377e68cfd135603a20c","trace":"org.openqa.selenium.WebDriverException: unknown error: unhandled inspector error: {\"code\":-32000,\"message\":\"Not attached to an active page\"}\n  (Session info: chrome=109.0.5414.120)\nBuild info: version: '4.5.0', revision: 'fe167b119a'\nSystem info: os.name: 'Windows 11', os.arch: 'amd64', os.version: '10.0', java.version: '17.0.2'\nDriver info: org.openqa.selenium.chrome.ChromeDriver\nCommand: [4716f2a2eb658377e68cfd135603a20c, findElement {using=xpath, value=//div[@class=\"table-responsive\"]}]\nCapabilities {acceptInsecureCerts: false, browserName: chrome, browserVersion: 109.0.5414.120, chrome: {chromedriverVersion: 109.0.5414.74 (e7c5703604da..., userDataDir: C:\\Users\\AHMEDA~1\\AppData\\L...}, goog:chromeOptions: {debuggerAddress: localhost:54235}, networkConnectionEnabled: false, pageLoadStrategy: normal, platformName: WINDOWS, proxy: Proxy(), se:cdp: ws://localhost:54235/devtoo..., se:cdpVersion: 109.0.5414.120, setWindowRect: true, strictFileInteractability: false, timeouts: {implicit: 0, pageLoad: 300000, script: 30000}, unhandledPromptBehavior: dismiss and notify, webauthn:extension:credBlob: true, webauthn:extension:largeBlob: true, webauthn:virtualAuthenticators: true}\nSession ID: 4716f2a2eb658377e68cfd135603a20c\r\n\tat java.base/jdk.internal.reflect.NativeConstructorAccessorImpl.newInstance0(Native Method)\r\n\tat java.base/jdk.internal.reflect.NativeConstructorAccessorImpl.newInstance(NativeConstructorAccessorImpl.java:77)\r\n\tat java.base/jdk.internal.reflect.DelegatingConstructorAccessorImpl.newInstance(DelegatingConstructorAccessorImpl.java:45)\r\n\tat java.base/java.lang.reflect.Constructor.newInstanceWithCaller(Constructor.java:499)\r\n\tat java.base/java.lang.reflect.Constructor.newInstance(Constructor.java:480)\r\n\tat org.openqa.selenium.remote.codec.w3c.W3CHttpResponseCodec.createException(W3CHttpResponseCodec.java:200)\r\n\tat org.openqa.selenium.remote.codec.w3c.W3CHttpResponseCodec.decode(W3CHttpResponseCodec.java:133)\r\n\tat org.openqa.selenium.remote.codec.w3c.W3CHttpResponseCodec.decode(W3CHttpResponseCodec.java:53)\r\n\tat org.openqa.selenium.remote.HttpCommandExecutor.execute(HttpCommandExecutor.java:184)\r\n\tat org.openqa.selenium.remote.service.DriverCommandExecutor.invokeExecute(DriverCommandExecutor.java:167)\r\n\tat org.openqa.selenium.remote.service.DriverCommandExecutor.execute(DriverCommandExecutor.java:142)\r\n\tat org.openqa.selenium.remote.RemoteWebDriver.execute(RemoteWebDriver.java:547)\r\n\tat org.openqa.selenium.remote.ElementLocation$ElementFinder$2.findElement(ElementLocation.java:162)\r\n\tat org.openqa.selenium.remote.ElementLocation.findElement(ElementLocation.java:60)\r\n\tat org.openqa.selenium.remote.RemoteWebDriver.findElement(RemoteWebDriver.java:365)\r\n\tat org.openqa.selenium.remote.RemoteWebDriver.findElement(RemoteWebDriver.java:357)\r\n\tat org.openqa.selenium.support.ui.ExpectedConditions$7.apply(ExpectedConditions.java:197)\r\n\tat org.openqa.selenium.support.ui.ExpectedConditions$7.apply(ExpectedConditions.java:193)\r\n\tat org.openqa.selenium.support.ui.FluentWait.until(FluentWait.java:208)\r\n\tat base.PageObjectManager.waitUntilElementIsVisible(PageObjectManager.java:29)\r\n\tat base.PageObjectManager.isElementDisplayed(PageObjectManager.java:114)\r\n\tat stepDefinitions.PurchaseSteps.cartPageShouldBeLoaded(PurchaseSteps.java:42)\r\n\tat ✽.Cart page should be loaded(file:///C:/Users/AhmedAshour/Documents/DemoBlaze/src/test/java/features/Cart.feature:41)\r\n"},"stage":"finished","steps":[],"attachments":[],"parameters":[],"start":1674928329695,"stop":1674928329731},{"name":"And  Place Order button should be displayed","status":"skipped","statusDetails":{"known":false,"muted":false,"flaky":false},"stage":"finished","steps":[],"attachments":[],"parameters":[],"start":1674928329732,"stop":1674928329733},{"name":"When  User clicks on Place Order button","status":"skipped","statusDetails":{"known":false,"muted":false,"flaky":false},"stage":"finished","steps":[],"attachments":[],"parameters":[],"start":1674928329733,"stop":1674928329733},{"name":"Then  Place Order form should be loaded","status":"skipped","statusDetails":{"known":false,"muted":false,"flaky":false},"stage":"finished","steps":[],"attachments":[],"parameters":[],"start":1674928329734,"stop":1674928329734},{"name":"When  User enters \"Test\" into the Name input field","status":"skipped","statusDetails":{"known":false,"muted":false,"flaky":false},"stage":"finished","steps":[],"attachments":[],"parameters":[],"start":1674928329734,"stop":1674928329734},{"name":"And  enters \"EGYPT\" into the Country input field","status":"skipped","statusDetails":{"known":false,"muted":false,"flaky":false},"stage":"finished","steps":[],"attachments":[],"parameters":[],"start":1674928329735,"stop":1674928329735},{"name":"And  enters \"Cairo\" into the City input field","status":"skipped","statusDetails":{"known":false,"muted":false,"flaky":false},"stage":"finished","steps":[],"attachments":[],"parameters":[],"start":1674928329735,"stop":1674928329737},{"name":"And  enters \"123456\" into the Credit Card input field","status":"skipped","statusDetails":{"known":false,"muted":false,"flaky":false},"stage":"finished","steps":[],"attachments":[],"parameters":[],"start":1674928329737,"stop":1674928329737},{"name":"And  enters \"October\" into the Month input field","status":"skipped","statusDetails":{"known":false,"muted":false,"flaky":false},"stage":"finished","steps":[],"attachments":[],"parameters":[],"start":1674928329737,"stop":1674928329738},{"name":"And  enters \"2022\" into the Year input field","status":"skipped","statusDetails":{"known":false,"muted":false,"flaky":false},"stage":"finished","steps":[],"attachments":[],"parameters":[],"start":1674928329738,"stop":1674928329738},{"name":"And  clicks on the Purchase button","status":"skipped","statusDetails":{"known":false,"muted":false,"flaky":false},"stage":"finished","steps":[],"attachments":[],"parameters":[],"start":1674928329738,"stop":1674928329739},{"name":"Then  Purchase confirmation alert should be displayed","status":"skipped","statusDetails":{"known":false,"muted":false,"flaky":false},"stage":"finished","steps":[],"attachments":[],"parameters":[],"start":1674928329739,"stop":1674928329741}],"attachments":[],"parameters":[{"name":"name","value":"Test"},{"name":"country","value":"EGYPT"},{"name":"city","value":"Cairo"},{"name":"credit_card_no","value":"123456"},{"name":"month","value":"October"},{"name":"year","value":"2022"}],"start":1674928315461,"stop":1674928329742}